<?xml version="1.0" encoding="UTF-8"?>
<testng-results ignored="0" total="2" passed="2" failed="0" skipped="0">
  <reporter-output>
  </reporter-output>
  <suite started-at="2022-03-08T14:37:41 IST" name="Default suite" finished-at="2022-03-08T14:38:33 IST" duration-ms="52262">
    <groups>
    </groups>
    <test started-at="2022-03-08T14:37:41 IST" name="Default test" finished-at="2022-03-08T14:38:33 IST" duration-ms="52262">
      <class name="coms.selenium.hackathon.TestCases">
        <test-method signature="testOne()[pri:0, instance:coms.selenium.hackathon.TestCases@58e1d9d]" started-at="2022-03-08T14:37:41 IST" name="testOne" finished-at="2022-03-08T14:38:00 IST" duration-ms="18753" status="PASS">
          <reporter-output>
          </reporter-output>
        </test-method> <!-- testOne -->
        <test-method is-config="true" signature="endBrowser()[pri:0, instance:coms.selenium.hackathon.TestCases@58e1d9d]" started-at="2022-03-08T14:38:00 IST" name="endBrowser" finished-at="2022-03-08T14:38:00 IST" duration-ms="288" status="PASS">
          <reporter-output>
          </reporter-output>
        </test-method> <!-- endBrowser -->
        <test-method signature="testTwo()[pri:0, instance:coms.selenium.hackathon.TestCases@58e1d9d]" started-at="2022-03-08T14:38:00 IST" name="testTwo" finished-at="2022-03-08T14:38:33 IST" depends-on-methods="coms.selenium.hackathon.TestCases.testOne" duration-ms="33068" status="PASS">
          <reporter-output>
          </reporter-output>
        </test-method> <!-- testTwo -->
        <test-method is-config="true" signature="endBrowser()[pri:0, instance:coms.selenium.hackathon.TestCases@58e1d9d]" started-at="2022-03-08T14:38:33 IST" name="endBrowser" finished-at="2022-03-08T14:38:33 IST" duration-ms="108" status="PASS">
          <reporter-output>
          </reporter-output>
        </test-method> <!-- endBrowser -->
      </class> <!-- coms.selenium.hackathon.TestCases -->
    </test> <!-- Default test -->
  </suite> <!-- Default suite -->
</testng-results>
